<?xml version="1.0" encoding="UTF-8"?>
<testsuites name="Ts1" time="59.518" tests="3" failures="0" errors="0">
   <testsuite name="Ts1" tests="3" failures="0" errors="0" time="59.518" skipped="0" timestamp="2023-06-30 14:32:50" hostname="htminh - host.docker.internal" id="Test Suites/Ts1">
      <properties>
         <property name="deviceName" value=""/>
         <property name="devicePlatform" value=""/>
         <property name="logFolder" value="C:\\Users\\htminh\\git\\test3\\Reports\\20230630_143242\\Ts1\\20230630_143243"/>
         <property name="logFiles" value="C:\\Users\\htminh\\git\\test3\\Reports\\20230630_143242\\Ts1\\20230630_143243\\execution0.log"/>
         <property name="attachments" value=""/>
         <property name="hostName" value="htminh - host.docker.internal"/>
         <property name="os" value="Windows 10 64bit"/>
         <property name="katalonVersion" value="8.6.5.208"/>
         <property name="browser" value="Edge Chromium 114"/>
         <property name="hostAddress" value="192.168.79.183"/>
         <property name="sessionId" value="034001317ee4d35dd591a26f2dfee35d"/>
         <property name="seleniumVersion" value="3.141.59"/>
         <property name="proxyInformation" value="ProxyInformation { proxyOption=NO_PROXY, proxyServerType=HTTP, username=, password=********, proxyServerAddress=, proxyServerPort=0, executionList=&quot;&quot;, isApplyToDesiredCapabilities=true }"/>
         <property name="platform" value="Windows 10"/>
      </properties>
      <testcase name="Test Cases/Login/Doauto" time="19.391" classname="Test Cases/Login/Doauto" status="PASSED">
         <system-out><![CDATA[2023-06-30 14:32:51 - [TEST_CASE][PASSED] - Test Cases/Login/Doauto: Test Cases/Login/Doauto

2023-06-30 14:32:51 - [TEST_STEP][PASSED] - openBrowser(""): Browser is opened with url: ''

2023-06-30 14:32:52 - [MESSAGE][INFO] - Starting 'Edge Chromium' driver

2023-06-30 14:32:53 - [MESSAGE][INFO] - Action delay is set to 0 milliseconds

2023-06-30 14:32:55 - [MESSAGE][PASSED] - Browser is opened with url: ''

2023-06-30 14:32:55 - [TEST_STEP][PASSED] - navigateToUrl("https://www.globalsqa.com/angularJs-protractor/BankingProject/#/account"): Navigate to 'https://www.globalsqa.com/angularJs-protractor/BankingProject/#/account' successfully

2023-06-30 14:32:57 - [MESSAGE][PASSED] - Navigate to 'https://www.globalsqa.com/angularJs-protractor/BankingProject/#/account' successfully

2023-06-30 14:32:57 - [TEST_STEP][PASSED] - click(findTestObject("Object Repository/tesattuo/Page_XYZ Bank/button_Home")): Object: 'Object Repository/tesattuo/Page_XYZ Bank/button_Home' is clicked on

2023-06-30 14:32:59 - [MESSAGE][PASSED] - Object: 'Object Repository/tesattuo/Page_XYZ Bank/button_Home' is clicked on

2023-06-30 14:32:59 - [TEST_STEP][PASSED] - click(findTestObject("Object Repository/tesattuo/Page_XYZ Bank/button_Customer Login")): Object: 'Object Repository/tesattuo/Page_XYZ Bank/button_Customer Login' is clicked on

2023-06-30 14:32:59 - [MESSAGE][PASSED] - Object: 'Object Repository/tesattuo/Page_XYZ Bank/button_Customer Login' is clicked on

2023-06-30 14:32:59 - [TEST_STEP][PASSED] - selectOptionByValue(findTestObject("Object Repository/tesattuo/Page_XYZ Bank/select_---Your Name---       Hermoine Grang_6e895b"), "2", true): All options with value '2' are selected in object 'Object Repository/tesattuo/Page_XYZ Bank/select_---Your Name---       Hermoine Grang_6e895b'  using regular expression

2023-06-30 14:33:03 - [MESSAGE][PASSED] - All options with value '2' are selected in object 'Object Repository/tesattuo/Page_XYZ Bank/select_---Your Name---       Hermoine Grang_6e895b'  using regular expression

2023-06-30 14:33:03 - [TEST_STEP][PASSED] - click(findTestObject("Object Repository/tesattuo/Page_XYZ Bank/button_Login")): Object: 'Object Repository/tesattuo/Page_XYZ Bank/button_Login' is clicked on

2023-06-30 14:33:04 - [MESSAGE][PASSED] - Object: 'Object Repository/tesattuo/Page_XYZ Bank/button_Login' is clicked on

2023-06-30 14:33:04 - [TEST_STEP][PASSED] - closeBrowser(): Browser is closed

2023-06-30 14:33:10 - [MESSAGE][PASSED] - Browser is closed]]></system-out>
         <system-err><![CDATA[]]></system-err>
      </testcase>
      <testcase name="Test Cases/Login/Example" time="14.356" classname="Test Cases/Login/Example" status="PASSED">
         <system-out><![CDATA[2023-06-30 14:33:10 - [TEST_CASE][PASSED] - Test Cases/Login/Example: Test Cases/Login/Example

2023-06-30 14:33:11 - [TEST_STEP][PASSED] - openBrowser("https://www.globalsqa.com/angularJs-protractor/BankingProject/#/account"): Browser is opened with url: 'https://www.globalsqa.com/angularJs-protractor/BankingProject/#/account'

2023-06-30 14:33:11 - [MESSAGE][INFO] - Starting 'Edge Chromium' driver

2023-06-30 14:33:12 - [MESSAGE][INFO] - Action delay is set to 0 milliseconds

2023-06-30 14:33:14 - [MESSAGE][PASSED] - Browser is opened with url: 'https://www.globalsqa.com/angularJs-protractor/BankingProject/#/account'

2023-06-30 14:33:14 - [TEST_STEP][PASSED] - click(findTestObject("Object Repository/ẽample/Page_XYZ Bank/button_Home")): Object: 'Object Repository/ẽample/Page_XYZ Bank/button_Home' is clicked on

2023-06-30 14:33:16 - [MESSAGE][PASSED] - Object: 'Object Repository/ẽample/Page_XYZ Bank/button_Home' is clicked on

2023-06-30 14:33:16 - [TEST_STEP][PASSED] - click(findTestObject("Object Repository/ẽample/Page_XYZ Bank/button_Customer Login")): Object: 'Object Repository/ẽample/Page_XYZ Bank/button_Customer Login' is clicked on

2023-06-30 14:33:17 - [MESSAGE][PASSED] - Object: 'Object Repository/ẽample/Page_XYZ Bank/button_Customer Login' is clicked on

2023-06-30 14:33:17 - [TEST_STEP][PASSED] - maximizeWindow(): Current window maximized

2023-06-30 14:33:17 - [MESSAGE][PASSED] - Current window maximized

2023-06-30 14:33:17 - [TEST_STEP][PASSED] - selectOptionByValue(findTestObject("Object Repository/tesattuo/Page_XYZ Bank/select_---Your Name---       Hermoine Grang_6e895b"), "2", true): All options with value '2' are selected in object 'Object Repository/tesattuo/Page_XYZ Bank/select_---Your Name---       Hermoine Grang_6e895b'  using regular expression

2023-06-30 14:33:20 - [MESSAGE][PASSED] - All options with value '2' are selected in object 'Object Repository/tesattuo/Page_XYZ Bank/select_---Your Name---       Hermoine Grang_6e895b'  using regular expression

2023-06-30 14:33:20 - [TEST_STEP][PASSED] - click(findTestObject("Object Repository/Ẽample/Page_XYZ Bank/button_Login")): Object: 'Object Repository/Ẽample/Page_XYZ Bank/button_Login' is clicked on

2023-06-30 14:33:20 - [MESSAGE][PASSED] - Object: 'Object Repository/Ẽample/Page_XYZ Bank/button_Login' is clicked on

2023-06-30 14:33:20 - [TEST_STEP][PASSED] - closeBrowser(): Browser is closed

2023-06-30 14:33:25 - [MESSAGE][PASSED] - Browser is closed]]></system-out>
         <system-err><![CDATA[]]></system-err>
      </testcase>
      <testcase name="Test Cases/Login/manager" time="25.332" classname="Test Cases/Login/manager" status="PASSED">
         <system-out><![CDATA[2023-06-30 14:33:25 - [TEST_CASE][PASSED] - Test Cases/Login/manager: Test Cases/Login/manager

2023-06-30 14:33:26 - [TEST_STEP][PASSED] - openBrowser(""): Browser is opened with url: ''

2023-06-30 14:33:26 - [MESSAGE][INFO] - Starting 'Edge Chromium' driver

2023-06-30 14:33:26 - [MESSAGE][INFO] - Action delay is set to 0 milliseconds

2023-06-30 14:33:28 - [MESSAGE][PASSED] - Browser is opened with url: ''

2023-06-30 14:33:28 - [TEST_STEP][PASSED] - navigateToUrl("https://www.globalsqa.com/angularJs-protractor/BankingProject/#/account"): Navigate to 'https://www.globalsqa.com/angularJs-protractor/BankingProject/#/account' successfully

2023-06-30 14:33:30 - [MESSAGE][PASSED] - Navigate to 'https://www.globalsqa.com/angularJs-protractor/BankingProject/#/account' successfully

2023-06-30 14:33:30 - [TEST_STEP][PASSED] - click(findTestObject("Object Repository/Page_XYZ Bank/button_Home")): Object: 'Object Repository/Page_XYZ Bank/button_Home' is clicked on

2023-06-30 14:33:32 - [MESSAGE][PASSED] - Object: 'Object Repository/Page_XYZ Bank/button_Home' is clicked on

2023-06-30 14:33:32 - [TEST_STEP][PASSED] - click(findTestObject("Object Repository/Page_XYZ Bank/button_Bank Manager Login")): Object: 'Object Repository/Page_XYZ Bank/button_Bank Manager Login' is clicked on

2023-06-30 14:33:32 - [MESSAGE][PASSED] - Object: 'Object Repository/Page_XYZ Bank/button_Bank Manager Login' is clicked on

2023-06-30 14:33:32 - [TEST_STEP][PASSED] - click(findTestObject("Object Repository/Page_XYZ Bank/button_Add Customer")): Object: 'Object Repository/Page_XYZ Bank/button_Add Customer' is clicked on

2023-06-30 14:33:33 - [MESSAGE][PASSED] - Object: 'Object Repository/Page_XYZ Bank/button_Add Customer' is clicked on

2023-06-30 14:33:33 - [TEST_STEP][PASSED] - setText(findTestObject("Object Repository/Page_XYZ Bank/input_First Name_form-control ng-pristine n_693e51"), "lkjhgf"): Text 'lkjhgf' is set on object 'Object Repository/Page_XYZ Bank/input_First Name_form-control ng-pristine n_693e51'

2023-06-30 14:33:35 - [MESSAGE][PASSED] - Text 'lkjhgf' is set on object 'Object Repository/Page_XYZ Bank/input_First Name_form-control ng-pristine n_693e51'

2023-06-30 14:33:35 - [TEST_STEP][PASSED] - setText(findTestObject("Object Repository/Page_XYZ Bank/input_Last Name_form-control ng-pristine ng_64913d"), "jnbhgvf"): Text 'jnbhgvf' is set on object 'Object Repository/Page_XYZ Bank/input_Last Name_form-control ng-pristine ng_64913d'

2023-06-30 14:33:35 - [MESSAGE][PASSED] - Text 'jnbhgvf' is set on object 'Object Repository/Page_XYZ Bank/input_Last Name_form-control ng-pristine ng_64913d'

2023-06-30 14:33:35 - [TEST_STEP][PASSED] - click(findTestObject("Object Repository/Page_XYZ Bank/input_Last Name_form-control ng-pristine ng_64913d")): Object: 'Object Repository/Page_XYZ Bank/input_Last Name_form-control ng-pristine ng_64913d' is clicked on

2023-06-30 14:33:36 - [MESSAGE][PASSED] - Object: 'Object Repository/Page_XYZ Bank/input_Last Name_form-control ng-pristine ng_64913d' is clicked on

2023-06-30 14:33:36 - [TEST_STEP][PASSED] - setText(findTestObject("Object Repository/Page_XYZ Bank/input_Post Code_form-control ng-untouched n_322706"), "8765"): Text '8765' is set on object 'Object Repository/Page_XYZ Bank/input_Post Code_form-control ng-untouched n_322706'

2023-06-30 14:33:37 - [MESSAGE][PASSED] - Text '8765' is set on object 'Object Repository/Page_XYZ Bank/input_Post Code_form-control ng-untouched n_322706'

2023-06-30 14:33:37 - [TEST_STEP][PASSED] - click(findTestObject("Object Repository/Page_XYZ Bank/button_Add Customer_1")): Object: 'Object Repository/Page_XYZ Bank/button_Add Customer_1' is clicked on

2023-06-30 14:33:37 - [MESSAGE][PASSED] - Object: 'Object Repository/Page_XYZ Bank/button_Add Customer_1' is clicked on

2023-06-30 14:33:37 - [TEST_STEP][PASSED] - click(findTestObject("Object Repository/Page_XYZ Bank/button_Open Account")): Object: 'Object Repository/Page_XYZ Bank/button_Open Account' is clicked on

2023-06-30 14:33:38 - [MESSAGE][PASSED] - Object: 'Object Repository/Page_XYZ Bank/button_Open Account' is clicked on

2023-06-30 14:33:38 - [TEST_STEP][PASSED] - selectOptionByValue(findTestObject("Object Repository/Page_XYZ Bank/select_---Customer Name---       Hermoine G_fc2164"), "4", true): All options with value '4' are selected in object 'Object Repository/Page_XYZ Bank/select_---Customer Name---       Hermoine G_fc2164'  using regular expression

2023-06-30 14:33:40 - [MESSAGE][PASSED] - All options with value '4' are selected in object 'Object Repository/Page_XYZ Bank/select_---Customer Name---       Hermoine G_fc2164'  using regular expression

2023-06-30 14:33:40 - [TEST_STEP][PASSED] - selectOptionByValue(findTestObject("Object Repository/Page_XYZ Bank/select_---Currency---       Dollar      Pou_e54511"), "Pound", true): All options with value 'Pound' are selected in object 'Object Repository/Page_XYZ Bank/select_---Currency---       Dollar      Pou_e54511'  using regular expression

2023-06-30 14:33:42 - [MESSAGE][PASSED] - All options with value 'Pound' are selected in object 'Object Repository/Page_XYZ Bank/select_---Currency---       Dollar      Pou_e54511'  using regular expression

2023-06-30 14:33:42 - [TEST_STEP][PASSED] - click(findTestObject("Object Repository/Page_XYZ Bank/button_Process")): Object: 'Object Repository/Page_XYZ Bank/button_Process' is clicked on

2023-06-30 14:33:42 - [MESSAGE][PASSED] - Object: 'Object Repository/Page_XYZ Bank/button_Process' is clicked on

2023-06-30 14:33:42 - [TEST_STEP][PASSED] - click(findTestObject("Object Repository/Page_XYZ Bank/button_Customers")): Object: 'Object Repository/Page_XYZ Bank/button_Customers' is clicked on

2023-06-30 14:33:43 - [MESSAGE][PASSED] - Object: 'Object Repository/Page_XYZ Bank/button_Customers' is clicked on

2023-06-30 14:33:43 - [TEST_STEP][PASSED] - click(findTestObject("Object Repository/Page_XYZ Bank/button_Delete")): Object: 'Object Repository/Page_XYZ Bank/button_Delete' is clicked on

2023-06-30 14:33:43 - [MESSAGE][PASSED] - Object: 'Object Repository/Page_XYZ Bank/button_Delete' is clicked on

2023-06-30 14:33:43 - [TEST_STEP][PASSED] - click(findTestObject("Object Repository/Page_XYZ Bank/button_Add Customer")): Object: 'Object Repository/Page_XYZ Bank/button_Add Customer' is clicked on

2023-06-30 14:33:44 - [MESSAGE][PASSED] - Object: 'Object Repository/Page_XYZ Bank/button_Add Customer' is clicked on

2023-06-30 14:33:44 - [TEST_STEP][PASSED] - setText(findTestObject("Object Repository/Page_XYZ Bank/input_First Name_form-control ng-pristine n_693e51"), "kjh"): Text 'kjh' is set on object 'Object Repository/Page_XYZ Bank/input_First Name_form-control ng-pristine n_693e51'

2023-06-30 14:33:45 - [MESSAGE][PASSED] - Text 'kjh' is set on object 'Object Repository/Page_XYZ Bank/input_First Name_form-control ng-pristine n_693e51'

2023-06-30 14:33:45 - [TEST_STEP][PASSED] - setText(findTestObject("Object Repository/Page_XYZ Bank/input_Last Name_form-control ng-pristine ng_64913d"), "hbgt"): Text 'hbgt' is set on object 'Object Repository/Page_XYZ Bank/input_Last Name_form-control ng-pristine ng_64913d'

2023-06-30 14:33:46 - [MESSAGE][PASSED] - Text 'hbgt' is set on object 'Object Repository/Page_XYZ Bank/input_Last Name_form-control ng-pristine ng_64913d'

2023-06-30 14:33:46 - [TEST_STEP][PASSED] - click(findTestObject("Object Repository/Page_XYZ Bank/input_Last Name_form-control ng-pristine ng_64913d")): Object: 'Object Repository/Page_XYZ Bank/input_Last Name_form-control ng-pristine ng_64913d' is clicked on

2023-06-30 14:33:46 - [MESSAGE][PASSED] - Object: 'Object Repository/Page_XYZ Bank/input_Last Name_form-control ng-pristine ng_64913d' is clicked on

2023-06-30 14:33:46 - [TEST_STEP][PASSED] - setText(findTestObject("Object Repository/Page_XYZ Bank/input_Post Code_form-control ng-untouched n_322706"), "gt"): Text 'gt' is set on object 'Object Repository/Page_XYZ Bank/input_Post Code_form-control ng-untouched n_322706'

2023-06-30 14:33:47 - [MESSAGE][PASSED] - Text 'gt' is set on object 'Object Repository/Page_XYZ Bank/input_Post Code_form-control ng-untouched n_322706'

2023-06-30 14:33:47 - [TEST_STEP][PASSED] - click(findTestObject("Object Repository/Page_XYZ Bank/button_Add Customer_1")): Object: 'Object Repository/Page_XYZ Bank/button_Add Customer_1' is clicked on

2023-06-30 14:33:48 - [MESSAGE][PASSED] - Object: 'Object Repository/Page_XYZ Bank/button_Add Customer_1' is clicked on

2023-06-30 14:33:48 - [TEST_STEP][PASSED] - closeBrowser(): Browser is closed

2023-06-30 14:33:50 - [MESSAGE][PASSED] - Browser is closed]]></system-out>
         <system-err><![CDATA[]]></system-err>
      </testcase>
      <system-out><![CDATA[2023-06-30 14:32:50 - [TEST_SUITE][PASSED] - Ts1: Test Cases/Login/manager]]></system-out>
      <system-err><![CDATA[]]></system-err>
   </testsuite>
</testsuites>
